<testsuite errors="0" failures="0" name="Django Project Tests" skips="0" tests="56" time="9.239"><testcase classname="students.tests.test_journal_views.JuornalViewsTest" name="test_current_group" time="0.295613" /><testcase classname="students.tests.test_journal_views.JuornalViewsTest" name="test_get" time="0.143155" /><testcase classname="students.tests.test_journal_views.JuornalViewsTest" name="test_get_pk_month" time="0.119100" /><testcase classname="students.tests.test_journal_views.JuornalViewsTest" name="test_post" time="0.101762" /><testcase classname="students.tests.test_context_processors.ContextProcessorsTests" name="test_groups_processor" time="0.003771" /><testcase classname="students.tests.test_commands.CommandsTest" name="test_stcount" time="0.015547" /><testcase classname="students.tests.test_models.ModelsTest" name="test__action_unicode" time="0.001324" /><testcase classname="students.tests.test_models.ModelsTest" name="test_group_unicode" time="0.001319" /><testcase classname="students.tests.test_models.ModelsTest" name="test_journal_unicode" time="0.000747" /><testcase classname="students.tests.test_models.ModelsTest" name="test_student_unicode" time="0.001228" /><testcase classname="students.tests.test_contact_admin.ContactAdminFormTests" name="test_email_sent" time="0.089730" /><testcase classname="students.tests.test_action_views.ActionViewsTest" name="test_pagination" time="0.132811" /><testcase classname="students.tests.test_student_forms.TestStudentUpdateForm" name="test_access" time="0.050883" /><testcase classname="students.tests.test_student_forms.TestStudentUpdateForm" name="test_form" time="0.175442" /><testcase classname="students.tests.test_student_forms.TestStudentUpdateForm" name="test_success" time="0.148905" /><testcase classname="students.tests.test_util.UtilsTestCase" name="test_get_current_group" time="0.031480" /><testcase classname="students.tests.test_util.UtilsTestCase" name="test_get_groups" time="0.030201" /><testcase classname="students.tests.test_util.UtilsTestCase" name="test_paginate" time="0.031063" /><testcase classname="students.tests.test_groups_views.TestGroupAdd" name="test_access" time="0.028676" /><testcase classname="students.tests.test_groups_views.TestGroupAdd" name="test_get_form" time="0.128349" /><testcase classname="students.tests.test_groups_views.TestGroupAdd" name="test_post_right_data" time="0.127968" /><testcase classname="students.tests.test_groups_views.TestGroupAdd" name="test_post_wrong_data" time="0.126015" /><testcase classname="students.tests.test_groups_views.TestGroupDelete" name="test_access" time="0.064438" /><testcase classname="students.tests.test_groups_views.TestGroupDelete" name="test_confirm_delete" time="0.113216" /><testcase classname="students.tests.test_groups_views.TestGroupDelete" name="test_delete" time="0.180056" /><testcase classname="students.tests.test_groups_views.TestGroupUpdate" name="test_access" time="0.031291" /><testcase classname="students.tests.test_groups_views.TestGroupUpdate" name="test_get_form" time="0.130797" /><testcase classname="students.tests.test_groups_views.TestGroupUpdate" name="test_post_right_data" time="0.134771" /><testcase classname="students.tests.test_groups_views.TestGroupUpdate" name="test_post_wrong_data" time="0.134246" /><testcase classname="students.tests.test_groups_views.TestGroupsList" name="test_access" time="0.032064" /><testcase classname="students.tests.test_groups_views.TestGroupsList" name="test_current_group" time="0.120195" /><testcase classname="students.tests.test_groups_views.TestGroupsList" name="test_groups_list" time="0.111928" /><testcase classname="students.tests.test_groups_views.TestGroupsList" name="test_pagination" time="0.112705" /><testcase classname="students.tests.test_groups_views.TestGroupsList" name="test_reverse_order_by" time="0.125517" /><testcase classname="students.tests.test_student_add_form.TestStudentAddForm" name="test_access" time="0.032158" /><testcase classname="students.tests.test_student_add_form.TestStudentAddForm" name="test_get_form" time="0.167837" /><testcase classname="students.tests.test_student_add_form.TestStudentAddForm" name="test_post_right_data" time="0.179932" /><testcase classname="students.tests.test_student_add_form.TestStudentAddForm" name="test_post_wrong_data" time="0.500999" /><testcase classname="students.tests.test_templatetags.TemplateTagTests" name="test_nice_username" time="0.001464" /><testcase classname="students.tests.test_templatetags.TemplateTagTests" name="test_str2int" time="0.001236" /><testcase classname="students.tests.test_signals.StudentSignalsTests" name="test_log_contact_admin" time="0.087624" /><testcase classname="students.tests.test_signals.StudentSignalsTests" name="test_log_group_deleted_event" time="0.004478" /><testcase classname="students.tests.test_signals.StudentSignalsTests" name="test_log_group_updated_added_event" time="0.004324" /><testcase classname="students.tests.test_signals.StudentSignalsTests" name="test_log_monthjournal_changes" time="0.008385" /><testcase classname="students.tests.test_signals.StudentSignalsTests" name="test_log_student_deleted_event" time="0.007912" /><testcase classname="students.tests.test_signals.StudentSignalsTests" name="test_log_student_updated_added_event" time="0.005550" /><testcase classname="students.tests.test_student_views.TestStudentList" name="test_current_group" time="0.081295" /><testcase classname="students.tests.test_student_views.TestStudentList" name="test_order_by" time="0.059782" /><testcase classname="students.tests.test_student_views.TestStudentList" name="test_pagination" time="0.058556" /><testcase classname="students.tests.test_student_views.TestStudentList" name="test_reverse_order" time="0.065741" /><testcase classname="students.tests.test_student_views.TestStudentList" name="test_students_list" time="0.074134" /><testcase classname="students.tests.test_student_views.TestStudentsDelete" name="test_students_delete" time="0.183697" /><testcase classname="students.tests.test_student_views.TestStudentsDelete" name="test_students_delete_bunch" time="0.139560" /><testcase classname="students.tests.test_command_fill_db.CommandFillDbTest" name="test_right_options" time="0.033201" /><testcase classname="students.tests.test_command_fill_db.CommandFillDbTest" name="test_wrong_options" time="0.099495" /><testcase classname="students.tests.test_set_language.SetLanguageTest" name="test_set_language" time="0.005691" /></testsuite>